<?xml version="1.0" encoding="UTF-8"?>
<robot generator="Robot 7.4.1 (Python 3.14.2 on win32)" generated="2026-06-03T10:57:54.139420" rpa="false" schemaversion="5">
<suite id="s1" name="ProjetNouveauRobot" source="C:\ProjetNouveauRobot">
<suite id="s1-s1" name="Test1" source="C:\ProjetNouveauRobot\test1.robot">
<test id="s1-s1-t1" name="Test cas 1:" line="17">
<kw name="Ouvrir mon navigateur" type="SETUP">
<kw name="Open Browser" owner="SeleniumLibrary">
<msg time="2026-06-03T10:57:54.452100" level="INFO">Opening browser 'chrome' to base url 'https://www.google.com'.</msg>
<arg>https://www.google.com</arg>
<arg>chrome</arg>
<doc>Opens a new browser instance to the optional ``url``.</doc>
<status status="PASS" start="2026-06-03T10:57:54.451670" elapsed="2.542703"/>
</kw>
<kw name="Maximize Browser Window" owner="SeleniumLibrary">
<doc>Maximizes current browser window.</doc>
<status status="PASS" start="2026-06-03T10:57:56.994663" elapsed="0.030243"/>
</kw>
<status status="PASS" start="2026-06-03T10:57:54.450621" elapsed="2.574683"/>
</kw>
<kw name="Title Should Be" owner="SeleniumLibrary">
<msg time="2026-06-03T10:57:57.035855" level="INFO">Page title is 'Google'.</msg>
<arg>Google</arg>
<doc>Verifies that the current page title equals ``title``.</doc>
<status status="PASS" start="2026-06-03T10:57:57.026086" elapsed="0.011344"/>
</kw>
<kw name="Page Should Contain" owner="SeleniumLibrary">
<msg time="2026-06-03T10:57:57.062413" level="INFO">Current page contains text 'Google'.</msg>
<arg>Google</arg>
<doc>Verifies that current page contains ``text``.</doc>
<status status="PASS" start="2026-06-03T10:57:57.038287" elapsed="0.024747"/>
</kw>
<kw name="Wait Until Element Is Visible" owner="SeleniumLibrary">
<arg>APjFqb</arg>
<doc>Waits until the element ``locator`` is visible.</doc>
<status status="PASS" start="2026-06-03T10:57:57.063453" elapsed="0.024701"/>
</kw>
<kw name="Click Element" owner="SeleniumLibrary">
<msg time="2026-06-03T10:57:57.089756" level="INFO">Clicking element 'xpath=//button[contains(.,'Tout refuser')]'.</msg>
<arg>xpath=//button[contains(.,'Tout refuser')]</arg>
<doc>Click the element identified by ``locator``.</doc>
<status status="PASS" start="2026-06-03T10:57:57.088892" elapsed="0.098870"/>
</kw>
<kw name="Capture Page Screenshot" owner="SeleniumLibrary">
<msg time="2026-06-03T10:57:57.342971" level="INFO" html="true">&lt;/td&gt;&lt;/tr&gt;&lt;tr&gt;&lt;td colspan="3"&gt;&lt;a href="selenium-screenshot-4.png"&gt;&lt;img src="selenium-screenshot-4.png" width="800px"&gt;&lt;/a&gt;</msg>
<msg time="2026-06-03T10:57:57.343715" level="INFO">${captue} = C:\ProjetNouveauRobot\results\selenium-screenshot-4.png</msg>
<var>${captue}</var>
<doc>Takes a screenshot of the current page and embeds it into a log file.</doc>
<status status="PASS" start="2026-06-03T10:57:57.188664" elapsed="0.155483"/>
</kw>
<kw name="Log" owner="BuiltIn">
<msg time="2026-06-03T10:57:57.345905" level="INFO">C:\ProjetNouveauRobot\results\selenium-screenshot-4.png</msg>
<arg>${captue}</arg>
<doc>Logs the given message with the given level.</doc>
<status status="PASS" start="2026-06-03T10:57:57.344849" elapsed="0.001608"/>
</kw>
<kw name="Input Text" owner="SeleniumLibrary">
<msg time="2026-06-03T10:57:57.347632" level="INFO">Typing text 'Télephone' into text field 'APjFqb'.</msg>
<arg>APjFqb</arg>
<arg>Télephone</arg>
<doc>Types the given ``text`` into the text field identified by ``locator``.</doc>
<status status="PASS" start="2026-06-03T10:57:57.346939" elapsed="0.117937"/>
</kw>
<kw name="Capture Page Screenshot" owner="SeleniumLibrary">
<msg time="2026-06-03T10:57:57.561167" level="INFO" html="true">&lt;/td&gt;&lt;/tr&gt;&lt;tr&gt;&lt;td colspan="3"&gt;&lt;a href="selenium-screenshot-5.png"&gt;&lt;img src="selenium-screenshot-5.png" width="800px"&gt;&lt;/a&gt;</msg>
<msg time="2026-06-03T10:57:57.561619" level="INFO">${capturesaisieTelephone} = C:\ProjetNouveauRobot\results\selenium-screenshot-5.png</msg>
<var>${capturesaisieTelephone}</var>
<doc>Takes a screenshot of the current page and embeds it into a log file.</doc>
<status status="PASS" start="2026-06-03T10:57:57.465392" elapsed="0.096499"/>
</kw>
<kw name="Log" owner="BuiltIn">
<msg time="2026-06-03T10:57:57.563858" level="INFO">C:\ProjetNouveauRobot\results\selenium-screenshot-5.png</msg>
<arg>${capturesaisieTelephone}</arg>
<doc>Logs the given message with the given level.</doc>
<status status="PASS" start="2026-06-03T10:57:57.563086" elapsed="0.001246"/>
</kw>
<kw name="Press Keys" owner="SeleniumLibrary">
<msg time="2026-06-03T10:57:57.565315" level="INFO">Sending key(s) ('ENTER',) to APjFqb element.</msg>
<msg time="2026-06-03T10:57:57.909630" level="INFO">Pressing special key ENTER to element.</msg>
<msg time="2026-06-03T10:57:57.910139" level="INFO">Releasing special key ENTER.</msg>
<arg>APjFqb</arg>
<arg>ENTER</arg>
<doc>Simulates the user pressing key(s) to an element or on the active browser.</doc>
<status status="PASS" start="2026-06-03T10:57:57.564764" elapsed="0.354933"/>
</kw>
<kw name="Capture Page Screenshot" owner="SeleniumLibrary">
<msg time="2026-06-03T10:57:59.340181" level="INFO" html="true">&lt;/td&gt;&lt;/tr&gt;&lt;tr&gt;&lt;td colspan="3"&gt;&lt;a href="selenium-screenshot-6.png"&gt;&lt;img src="selenium-screenshot-6.png" width="800px"&gt;&lt;/a&gt;</msg>
<msg time="2026-06-03T10:57:59.341230" level="INFO">${capturesaisieTelephone} = C:\ProjetNouveauRobot\results\selenium-screenshot-6.png</msg>
<var>${capturesaisieTelephone}</var>
<doc>Takes a screenshot of the current page and embeds it into a log file.</doc>
<status status="PASS" start="2026-06-03T10:57:57.920159" elapsed="1.421494"/>
</kw>
<kw name="Log" owner="BuiltIn">
<msg time="2026-06-03T10:57:59.343780" level="INFO">C:\ProjetNouveauRobot\results\selenium-screenshot-6.png</msg>
<arg>${capturesaisieTelephone}</arg>
<doc>Logs the given message with the given level.</doc>
<status status="PASS" start="2026-06-03T10:57:59.342711" elapsed="0.001593"/>
</kw>
<kw name="Close Browser" owner="SeleniumLibrary" type="TEARDOWN">
<doc>Closes the current browser.</doc>
<status status="PASS" start="2026-06-03T10:57:59.345081" elapsed="2.227410"/>
</kw>
<doc>vérifier l ouverture de google 1  et du titre 1</doc>
<tag>Test d'ouverture de navigateur avec chrome</tag>
<status status="PASS" start="2026-06-03T10:57:54.440622" elapsed="7.132214"/>
</test>
<test id="s1-s1-t2" name="Test cas 2:" line="37">
<kw name="Ouvrir mon navigateur" type="SETUP">
<kw name="Open Browser" owner="SeleniumLibrary">
<msg time="2026-06-03T10:58:01.583236" level="INFO">Opening browser 'chrome' to base url 'https://www.google.com'.</msg>
<arg>https://www.google.com</arg>
<arg>chrome</arg>
<doc>Opens a new browser instance to the optional ``url``.</doc>
<status status="PASS" start="2026-06-03T10:58:01.582964" elapsed="2.493377"/>
</kw>
<kw name="Maximize Browser Window" owner="SeleniumLibrary">
<doc>Maximizes current browser window.</doc>
<status status="PASS" start="2026-06-03T10:58:04.076718" elapsed="0.062034"/>
</kw>
<status status="PASS" start="2026-06-03T10:58:01.582557" elapsed="2.556502"/>
</kw>
<kw name="Open Browser" owner="SeleniumLibrary">
<msg time="2026-06-03T10:58:04.140883" level="INFO">Opening browser 'firefox' to base url 'https://www.google.com'.</msg>
<arg>https://www.google.com</arg>
<arg>firefox</arg>
<doc>Opens a new browser instance to the optional ``url``.</doc>
<status status="PASS" start="2026-06-03T10:58:04.139793" elapsed="7.876730"/>
</kw>
<kw name="Maximize Browser Window" owner="SeleniumLibrary">
<doc>Maximizes current browser window.</doc>
<status status="PASS" start="2026-06-03T10:58:12.016964" elapsed="0.308211"/>
</kw>
<kw name="Title Should Be" owner="SeleniumLibrary">
<msg time="2026-06-03T10:58:12.329907" level="INFO">Page title is 'Google'.</msg>
<arg>Google</arg>
<doc>Verifies that the current page title equals ``title``.</doc>
<status status="PASS" start="2026-06-03T10:58:12.325764" elapsed="0.005096"/>
</kw>
<kw name="Page Should Contain" owner="SeleniumLibrary">
<msg time="2026-06-03T10:58:12.362857" level="INFO">Current page contains text 'Google'.</msg>
<arg>Google</arg>
<doc>Verifies that current page contains ``text``.</doc>
<status status="PASS" start="2026-06-03T10:58:12.331633" elapsed="0.031916"/>
</kw>
<kw name="Click Element" owner="SeleniumLibrary">
<msg time="2026-06-03T10:58:12.364837" level="INFO">Clicking element 'xpath=//button[contains(.,'Tout accepter')]'.</msg>
<arg>xpath=//button[contains(.,'Tout accepter')]</arg>
<doc>Click the element identified by ``locator``.</doc>
<status status="PASS" start="2026-06-03T10:58:12.364098" elapsed="0.106913"/>
</kw>
<kw name="Close Browser" owner="SeleniumLibrary" type="TEARDOWN">
<doc>Closes the current browser.</doc>
<status status="PASS" start="2026-06-03T10:58:12.472070" elapsed="3.491623"/>
</kw>
<doc>vérifier l ouverture de google 2  et du titre 2</doc>
<tag>Test d'ouverture de navigateur avec firefox</tag>
<status status="PASS" start="2026-06-03T10:58:01.577883" elapsed="14.386211"/>
</test>
<status status="PASS" start="2026-06-03T10:57:54.196047" elapsed="21.773358"/>
</suite>
<status status="PASS" start="2026-06-03T10:57:54.149519" elapsed="21.831763"/>
</suite>
<statistics>
<total>
<stat pass="2" fail="0" skip="0">All Tests</stat>
</total>
<tag>
<stat pass="1" fail="0" skip="0">Test d'ouverture de navigateur avec chrome</stat>
<stat pass="1" fail="0" skip="0">Test d'ouverture de navigateur avec firefox</stat>
</tag>
<suite>
<stat name="ProjetNouveauRobot" id="s1" pass="2" fail="0" skip="0">ProjetNouveauRobot</stat>
<stat name="Test1" id="s1-s1" pass="2" fail="0" skip="0">ProjetNouveauRobot.Test1</stat>
</suite>
</statistics>
<errors>
</errors>
</robot>
